mode: set
github.com/dvl-numeez/exam-application/db.go:59.93,60.35 1 1
github.com/dvl-numeez/exam-application/db.go:60.35,62.3 1 1
github.com/dvl-numeez/exam-application/db.go:63.2,67.13 5 1
github.com/dvl-numeez/exam-application/db.go:67.13,69.3 1 0
github.com/dvl-numeez/exam-application/db.go:71.2,71.12 1 1
github.com/dvl-numeez/exam-application/db.go:74.91,78.13 4 1
github.com/dvl-numeez/exam-application/db.go:78.13,80.3 1 0
github.com/dvl-numeez/exam-application/db.go:81.2,82.48 2 1
github.com/dvl-numeez/exam-application/db.go:82.48,84.3 1 0
github.com/dvl-numeez/exam-application/db.go:85.2,85.22 1 1
github.com/dvl-numeez/exam-application/db.go:85.22,87.3 1 1
github.com/dvl-numeez/exam-application/db.go:88.2,88.25 1 1
github.com/dvl-numeez/exam-application/db.go:90.68,94.39 4 1
github.com/dvl-numeez/exam-application/db.go:94.39,96.3 1 1
github.com/dvl-numeez/exam-application/db.go:97.2,97.13 1 1
github.com/dvl-numeez/exam-application/db.go:97.13,99.3 1 0
github.com/dvl-numeez/exam-application/db.go:100.2,100.12 1 1
github.com/dvl-numeez/exam-application/db.go:103.97,109.13 6 1
github.com/dvl-numeez/exam-application/db.go:109.13,111.3 1 1
github.com/dvl-numeez/exam-application/db.go:112.2,112.25 1 1
github.com/dvl-numeez/exam-application/db.go:114.90,117.13 3 1
github.com/dvl-numeez/exam-application/db.go:117.13,119.3 1 1
github.com/dvl-numeez/exam-application/db.go:120.2,120.26 1 1
github.com/dvl-numeez/exam-application/db.go:120.26,122.3 1 1
github.com/dvl-numeez/exam-application/db.go:123.2,129.13 5 1
github.com/dvl-numeez/exam-application/db.go:129.13,131.3 1 0
github.com/dvl-numeez/exam-application/db.go:135.2,135.12 1 1
github.com/dvl-numeez/exam-application/db.go:137.60,141.14 4 1
github.com/dvl-numeez/exam-application/db.go:141.14,143.3 1 0
github.com/dvl-numeez/exam-application/db.go:144.2,144.54 1 1
github.com/dvl-numeez/exam-application/db.go:144.54,146.3 1 0
github.com/dvl-numeez/exam-application/db.go:147.2,151.7 3 1
github.com/dvl-numeez/exam-application/db.go:155.34,157.24 2 1
github.com/dvl-numeez/exam-application/db.go:157.24,160.3 2 1
github.com/dvl-numeez/exam-application/db.go:161.2,161.15 1 1
github.com/dvl-numeez/exam-application/db.go:165.32,166.22 1 1
github.com/dvl-numeez/exam-application/db.go:166.22,168.9 2 1
github.com/dvl-numeez/exam-application/db.go:168.9,170.4 1 1
github.com/dvl-numeez/exam-application/db.go:172.2,172.13 1 1
github.com/dvl-numeez/exam-application/main.go:10.12,12.13 2 0
github.com/dvl-numeez/exam-application/main.go:12.13,14.3 1 0
github.com/dvl-numeez/exam-application/main.go:15.2,17.16 3 0
github.com/dvl-numeez/exam-application/models.go:68.45,70.40 2 1
github.com/dvl-numeez/exam-application/models.go:70.40,72.3 1 1
github.com/dvl-numeez/exam-application/models.go:73.2,73.14 1 1
github.com/dvl-numeez/exam-application/models.go:75.42,80.2 3 1
github.com/dvl-numeez/exam-application/models.go:82.67,84.2 1 1
github.com/dvl-numeez/exam-application/models.go:86.60,116.2 4 1
github.com/dvl-numeez/exam-application/server.go:21.61,26.2 1 1
github.com/dvl-numeez/exam-application/server.go:28.26,36.16 8 0
github.com/dvl-numeez/exam-application/server.go:36.16,38.3 1 0
github.com/dvl-numeez/exam-application/server.go:42.86,43.24 1 1
github.com/dvl-numeez/exam-application/server.go:43.24,45.3 1 1
github.com/dvl-numeez/exam-application/server.go:46.2,48.16 3 1
github.com/dvl-numeez/exam-application/server.go:48.16,50.3 1 0
github.com/dvl-numeez/exam-application/server.go:51.2,52.16 2 1
github.com/dvl-numeez/exam-application/server.go:52.16,54.3 1 1
github.com/dvl-numeez/exam-application/server.go:55.3,56.12 2 1
github.com/dvl-numeez/exam-application/server.go:58.90,59.24 1 1
github.com/dvl-numeez/exam-application/server.go:59.24,61.3 1 1
github.com/dvl-numeez/exam-application/server.go:62.2,64.16 3 1
github.com/dvl-numeez/exam-application/server.go:64.16,66.3 1 1
github.com/dvl-numeez/exam-application/server.go:67.2,68.16 2 1
github.com/dvl-numeez/exam-application/server.go:68.16,70.3 1 1
github.com/dvl-numeez/exam-application/server.go:71.2,72.12 2 1
github.com/dvl-numeez/exam-application/server.go:74.92,75.24 1 1
github.com/dvl-numeez/exam-application/server.go:75.24,77.3 1 1
github.com/dvl-numeez/exam-application/server.go:78.2,80.16 3 1
github.com/dvl-numeez/exam-application/server.go:80.16,82.3 1 0
github.com/dvl-numeez/exam-application/server.go:83.2,84.16 2 1
github.com/dvl-numeez/exam-application/server.go:84.16,86.3 1 1
github.com/dvl-numeez/exam-application/server.go:87.2,88.12 2 1
github.com/dvl-numeez/exam-application/server.go:91.89,92.24 1 1
github.com/dvl-numeez/exam-application/server.go:92.24,94.3 1 0
github.com/dvl-numeez/exam-application/server.go:95.2,97.16 3 1
github.com/dvl-numeez/exam-application/server.go:97.16,99.3 1 0
github.com/dvl-numeez/exam-application/server.go:100.2,101.16 2 1
github.com/dvl-numeez/exam-application/server.go:101.16,103.3 1 1
github.com/dvl-numeez/exam-application/server.go:104.2,106.12 2 1
github.com/dvl-numeez/exam-application/server.go:109.88,110.24 1 1
github.com/dvl-numeez/exam-application/server.go:110.24,112.3 1 1
github.com/dvl-numeez/exam-application/server.go:113.2,114.14 2 1
github.com/dvl-numeez/exam-application/server.go:114.14,116.3 1 1
github.com/dvl-numeez/exam-application/server.go:117.2,119.16 3 1
github.com/dvl-numeez/exam-application/server.go:119.16,121.3 1 0
github.com/dvl-numeez/exam-application/server.go:122.2,123.16 2 1
github.com/dvl-numeez/exam-application/server.go:123.16,125.3 1 0
github.com/dvl-numeez/exam-application/server.go:126.2,127.12 2 1
github.com/dvl-numeez/exam-application/server.go:130.60,131.54 1 0
github.com/dvl-numeez/exam-application/server.go:131.54,133.17 2 0
github.com/dvl-numeez/exam-application/server.go:133.17,135.4 1 0
github.com/dvl-numeez/exam-application/server.go:139.64,143.2 3 1
